<?xml version="1.0" encoding="UTF-8"?>
<!-- Generated by org.testng.reporters.JUnitReportReporter -->
<testsuite hostname="SudhaRani" failures="0" tests="1" name="gitpractise.Demo" time="0.016" errors="0" timestamp="2024-11-18T10:18:35 IST" skipped="0">
  <testcase classname="gitpractise.Demo" name="sample" time="0.016"/>
</testsuite> <!-- gitpractise.Demo -->
