<?xml version="1.0" encoding="UTF-8"?>
<!-- Generated by org.testng.reporters.JUnitReportReporter -->
<testsuite hostname="SudhaRani" failures="0" tests="1" name="gitpractise.Demo" time="0.021" errors="0" timestamp="2024-11-16T08:55:21 IST" skipped="0">
  <testcase classname="gitpractise.Demo" name="sample" time="0.021"/>
</testsuite> <!-- gitpractise.Demo -->
